sdk/build/outputs/mapping/release/seeds.txt
com.google.cardboard.sdk.R$style: int Widget_Material3_ActionBar_Solid
com.google.cardboard.sdk.R$style: int Base_Theme_Material3_Light
com.google.cardboard.sdk.R$attr: int extendedFloatingActionButtonSecondaryStyle
com.google.cardboard.sdk.R$attr: int titleMargin
com.google.cardboard.sdk.R$color: int mtrl_textinput_filled_box_default_background_color
com.google.cardboard.sdk.R$attr: int tabIndicatorFullWidth
com.google.cardboard.sdk.R$styleable: int Layout_maxHeight
com.google.cardboard.sdk.R$color: int m3_sys_color_dynamic_light_tertiary
com.google.cardboard.sdk.R$styleable: int Constraint_layout_goneMarginRight
com.google.cardboard.sdk.R$bool: int abc_config_actionMenuItemAllCaps
com.google.cardboard.sdk.R$drawable: int common_google_signin_btn_icon_disabled
com.google.cardboard.sdk.R$drawable: int mtrl_ic_arrow_drop_up
com.google.cardboard.sdk.R$color: int m3_ref_palette_neutral60
com.google.cardboard.sdk.R$styleable: int ConstraintSet_layout_constraintWidth_max
com.google.cardboard.sdk.R$string: int mtrl_picker_text_input_date_hint
com.google.cardboard.sdk.R$color: int material_dynamic_tertiary50
com.google.cardboard.sdk.R$styleable: int CollapsingToolbarLayout_expandedTitleMarginEnd
com.google.cardboard.sdk.R$styleable: int[] ActionMenuItemView
com.google.cardboard.sdk.R$id: int contentPanel
com.google.cardboard.sdk.R$style: int ShapeAppearance_M3_Sys_Shape_Corner_Small
com.google.cardboard.sdk.R$dimen: int m3_sys_motion_easing_legacy_decelerate_control_x2
com.google.cardboard.sdk.R$attr: int minHeight
com.google.cardboard.sdk.R$styleable: int SearchView_queryHint
com.google.cardboard.sdk.R$dimen: int mtrl_btn_focused_z
com.google.cardboard.sdk.R$dimen: int m3_sys_motion_easing_standard_control_y2
com.google.cardboard.sdk.R$dimen: int m3_sys_motion_easing_emphasized_accelerate_control_y1
com.google.cardboard.sdk.R$attr: int checkedIconGravity
com.google.cardboard.sdk.R$drawable: int abc_ic_search_api_material
com.google.cardboard.sdk.R$attr: int staggered
com.google.cardboard.sdk.R$attr: int showDelay
com.google.cardboard.sdk.R$drawable: int abc_list_longpressed_holo
com.google.cardboard.sdk.R$dimen: int design_snackbar_min_width
com.google.cardboard.sdk.R$color: int primary_text_disabled_material_light
com.google.cardboard.sdk.R$style: int Theme_Material3_DynamicColors_Dark
com.google.cardboard.sdk.R$dimen: int mtrl_textinput_box_stroke_width_default
com.google.cardboard.sdk.R$style: int ThemeOverlay_Material3_Toolbar_Surface
com.google.cardboard.sdk.R$color: int material_on_surface_disabled
com.google.cardboard.sdk.R$attr: int colorPrimarySurface
com.google.cardboard.sdk.R$styleable: int SearchView_android_maxWidth
com.google.cardboard.sdk.R$attr: int horizontalOffsetWithText
com.google.cardboard.sdk.R$attr: int paddingEnd
com.google.cardboard.sdk.R$attr: int materialAlertDialogButtonSpacerVisibility
com.google.cardboard.sdk.R$string: int mtrl_picker_date_header_unselected
com.google.cardboard.sdk.R$styleable: int[] Chip
com.google.cardboard.sdk.R$style: int Widget_Material3_BottomSheet
com.google.cardboard.sdk.R$styleable: int AppCompatTextHelper_android_drawableEnd
com.google.cardboard.sdk.R$styleable: int TextAppearance_android_shadowColor
com.google.cardboard.sdk.R$id: int material_minute_text_input
com.google.cardboard.sdk.R$styleable: int Constraint_android_layout_marginEnd
com.google.cardboard.sdk.R$styleable: int[] MotionScene
com.google.cardboard.sdk.R$drawable: int abc_text_select_handle_middle_mtrl_dark
com.google.cardboard.sdk.R$dimen: int abc_alert_dialog_button_dimen
com.google.cardboard.sdk.R$color: int m3_ref_palette_primary0
com.google.cardboard.sdk.R$drawable: int design_snackbar_background
com.google.cardboard.sdk.R$attr: int hideMotionSpec
com.google.cardboard.sdk.R$style: int Base_Widget_Material3_CollapsingToolbar
com.google.cardboard.sdk.R$attr: int trackColor
com.google.cardboard.sdk.R$integer: int mtrl_badge_max_character_count
com.google.cardboard.sdk.R$styleable: int[] ForegroundLinearLayout