sdk/build/outputs/mapping/release/mapping.txt
# compiler: R8
# compiler_version: 3.2.74
# common_typos_disable
# {"id":"com.android.tools.r8.mapping","version":"2.0"}
# pg_map_id: 6867209
# pg_map_hash: SHA-256 6867209d15471a38f148ffcffe1a290e5da433dfab5f91d70b528c1c11a73a8c
...
com.google.cardboard.sdk.qrcode.camera.CameraSource$FrameProcessingRunnable -> c.a$b:
    long pendingTimeMillis -> e
    java.nio.ByteBuffer pendingFrameData -> g
    long startTimeMillis -> b
    int pendingFrameId -> f
    com.google.cardboard.sdk.qrcode.camera.CameraSource this$0 -> h
    java.lang.Object lock -> c
    com.google.android.gms.vision.Detector detector -> a
    boolean active -> d
    1:1:java.util.Map com.google.cardboard.sdk.qrcode.camera.CameraSource.access$200(com.google.cardboard.sdk.qrcode.camera.CameraSource):0:0 -> a
    1:1:void setNextFrame(byte[],android.hardware.Camera):0 -> a
    2:2:void setNextFrame(byte[],android.hardware.Camera):0:0 -> a
    3:3:java.util.Map com.google.cardboard.sdk.qrcode.camera.CameraSource.access$200(com.google.cardboard.sdk.qrcode.camera.CameraSource):0:0 -> a
    3:3:void setNextFrame(byte[],android.hardware.Camera):0 -> a
    4:4:void setNextFrame(byte[],android.hardware.Camera):0:0 -> a
    1:1:com.google.android.gms.common.images.Size com.google.cardboard.sdk.qrcode.camera.CameraSource.access$500(com.google.cardboard.sdk.qrcode.camera.CameraSource):0:0 -> run
    1:1:void run():0 -> run
    2:2:void run():0:0 -> run
    3:3:com.google.android.gms.common.images.Size com.google.cardboard.sdk.qrcode.camera.CameraSource.access$500(com.google.cardboard.sdk.qrcode.camera.CameraSource):0:0 -> run
    3:3:void run():0 -> run
    4:4:void run():0:0 -> run
com.google.cardboard.sdk.qrcode.camera.CameraSource$SizePair -> c.a$c:
    com.google.android.gms.common.images.Size preview -> a
    com.google.android.gms.common.images.Size picture -> b
com.google.cardboard.sdk.qrcode.camera.CameraSourcePreview -> com.google.cardboard.sdk.qrcode.camera.CameraSourcePreview:
    android.content.Context context -> a
    com.google.cardboard.sdk.qrcode.camera.CameraSource cameraSource -> e
    int $r8$clinit -> f
    android.view.SurfaceView surfaceView -> b
    boolean startRequested -> c
    boolean surfaceAvailable -> d
    boolean access$102(com.google.cardboard.sdk.qrcode.camera.CameraSourcePreview,boolean) -> a
    boolean isPortraitMode() -> a
    1:1:com.google.cardboard.sdk.qrcode.camera.CameraSource com.google.cardboard.sdk.qrcode.camera.CameraSource.start(android.view.SurfaceHolder):0:0 -> b
    1:1:void startIfReady():0 -> b
      # {"id":"com.android.tools.r8.rewriteFrame","conditions":["throws(Ljava/lang/NullPointerException;)"],"actions":["removeInnerFrames(1)"]}
    2:2:void com.google.cardboard.sdk.qrcode.camera.CameraSource$FrameProcessingRunnable.setActive(boolean):0:0 -> b
    2:2:com.google.cardboard.sdk.qrcode.camera.CameraSource com.google.cardboard.sdk.qrcode.camera.CameraSource.start(android.view.SurfaceHolder):0 -> b
    2:2:void startIfReady():0 -> b
      # {"id":"com.android.tools.r8.rewriteFrame","conditions":["throws(Ljava/lang/NullPointerException;)"],"actions":["removeInnerFrames(2)"]}
    3:3:com.google.cardboard.sdk.qrcode.camera.CameraSource com.google.cardboard.sdk.qrcode.camera.CameraSource.start(android.view.SurfaceHolder):0:0 -> b
    3:3:void startIfReady():0 -> b
com.google.cardboard.sdk.qrcode.camera.CameraSourcePreview$1 -> com.google.cardboard.sdk.qrcode.camera.CameraSourcePreview$a:
com.google.cardboard.sdk.qrcode.camera.CameraSourcePreview$SurfaceCallback -> com.google.cardboard.sdk.qrcode.camera.CameraSourcePreview$b:
    com.google.cardboard.sdk.qrcode.camera.CameraSourcePreview this$0 -> a
    1:1:void com.google.cardboard.sdk.qrcode.camera.CameraSourcePreview.access$200(com.google.cardboard.sdk.qrcode.camera.CameraSourcePreview):0:0 -> surfaceCreated
    1:1:void surfaceCreated(android.view.SurfaceHolder):0 -> surfaceCreated
    2:2:void surfaceCreated(android.view.SurfaceHolder):0:0 -> surfaceCreated