sdk/build/outputs/mapping/release/usage.txt
com.google.cardboard.sdk.qrcode.camera.CameraSource:
    private static final float ASPECT_RATIO_TOLERANCE
    private static final float FPS
    private static final int HEIGHT
    private static final int WIDTH
com.google.cardboard.proto.CardboardDevice:
    public static void <clinit>()
com.google.cardboard.sdk.HeadsetDetectionActivity:
    public final void processStartupIntent(android.content.Intent)
com.google.cardboard.sdk.QrCodeCaptureActivity:
    public static final java.lang.String TAG
    public static void <clinit>()
    public final void createCameraSource()
    public final boolean isWriteExternalStoragePermissionsEnabled()
    public final void onQrCodeDetected(com.google.android.gms.vision.barcode.Barcode)
    public final void requestPermissions()
    public final void startCameraSource()
com.google.cardboard.sdk.deviceparams.DeviceParamsUtils:
    public static final java.lang.String TAG
    public static void <clinit>()
com.google.cardboard.sdk.qrcode.AsyncTask:
    public abstract java.lang.Object doInBackground(java.lang.Object)
    public abstract void onPostExecute(java.lang.Object)
com.google.cardboard.sdk.qrcode.CardboardParamsUtils$StorageSource$EnumUnboxingLocalUtility
com.google.cardboard.sdk.qrcode.CardboardParamsUtils$StorageSource$EnumUnboxingSharedUtility
com.google.cardboard.sdk.qrcode.CardboardParamsUtils$StorageSource
com.google.cardboard.sdk.qrcode.CardboardParamsUtils:
    public static final java.lang.String TAG
    public static boolean isAtLeastQ()
    public static boolean isOriginalCardboardDeviceUri(android.net.Uri)
com.google.cardboard.sdk.qrcode.InputStreamProvider$BufferedProvider
com.google.cardboard.sdk.qrcode.InputStreamProvider$Provider
com.google.cardboard.sdk.qrcode.InputStreamProvider
com.google.cardboard.sdk.qrcode.OutputStreamProvider$BufferedProvider
com.google.cardboard.sdk.qrcode.OutputStreamProvider$Provider
com.google.cardboard.sdk.qrcode.OutputStreamProvider
com.google.cardboard.sdk.qrcode.QrCodeContentProcessor$Listener:
    public abstract void onQrCodeSaved(boolean)
com.google.cardboard.sdk.qrcode.QrCodeContentProcessor$ProcessAndSaveQrCodeTask:
    public final com.google.cardboard.sdk.qrcode.CardboardParamsUtils$UriToParamsStatus doInBackground(com.google.android.gms.vision.barcode.Barcode)
    public final java.lang.Object doInBackground(java.lang.Object)
    public final void onPostExecute(com.google.cardboard.sdk.qrcode.CardboardParamsUtils$UriToParamsStatus)
    public final void onPostExecute(java.lang.Object)
com.google.cardboard.sdk.qrcode.QrCodeContentProcessor:
    public static final java.lang.String TAG
    public static void <clinit>()
    public static synthetic void access$100()
    public final void processAndSaveQrCode(com.google.android.gms.vision.barcode.Barcode,android.content.Context)
com.google.cardboard.sdk.qrcode.QrCodeTracker$Listener:
    public abstract void onQrCodeDetected(com.google.android.gms.vision.barcode.Barcode)
com.google.cardboard.sdk.qrcode.QrCodeTracker:
    public final void onNewItem(int,com.google.android.gms.vision.barcode.Barcode)
com.google.cardboard.sdk.qrcode.QrCodeTrackerFactory:
    public final com.google.android.gms.vision.Tracker create(com.google.android.gms.vision.barcode.Barcode)
com.google.cardboard.sdk.qrcode.UrlFactory:
    public static final java.lang.String TAG
    public static void <clinit>()
    public final java.net.HttpURLConnection openHttpsConnection(android.net.Uri)
com.google.cardboard.sdk.qrcode.camera.CameraSource$1
com.google.cardboard.sdk.qrcode.camera.CameraSource$FrameProcessingRunnable:
    public final void release()
    public final void setActive(boolean)
com.google.cardboard.sdk.qrcode.camera.CameraSource$SizePair:
    public final com.google.android.gms.common.images.Size pictureSize()
    public final com.google.android.gms.common.images.Size previewSize()